0    [Tomcat Catalina Start Thread] INFO  org.springframework.osgi.web.tomcat.internal.Activator  - Starting Apache Tomcat/6.0.18 ...
run1    [Tomcat Catalina Start Thread] INFO  org.springframework.osgi.web.tomcat.internal.Activator  - Using custom XML configuration bundleresource://29.fwk104182465:1/conf/server.xml
createCatalinaServer9    [Start Level Event Dispatcher] INFO  org.springframework.osgi.extender.internal.boot.ChainActivator  - Blueprint API detected; enabling Blueprint Container functionality
<init>18   [Start Level Event Dispatcher] INFO  org.springframework.osgi.extender.internal.activator.ContextLoaderListener  - Starting [org.springframework.osgi.extender] bundle v.[2.0.0.M1]
start111  [Tomcat Catalina Start Thread] INFO  org.apache.catalina.startup.ClusterRuleSetFactory  - Unable to find a cluster rule set in the classpath. Will load the default rule set.
getClusterRuleSet134  [Tomcat Catalina Start Thread] INFO  org.apache.catalina.startup.ClusterRuleSetFactory  - Unable to find a cluster rule set in the classpath. Will load the default rule set.
getClusterRuleSet291  [Start Level Event Dispatcher] INFO  org.springframework.osgi.extender.internal.activator.ContextLoaderListener  - No custom extender configuration detected; using defaults...
<init>293  [Start Level Event Dispatcher] INFO  org.springframework.osgi.extender.internal.support.ExtenderConfiguration$1  - Initializing Timer
afterPropertiesSet500  [Tomcat Catalina Start Thread] INFO  org.apache.coyote.http11.Http11Protocol  - Initializing Coyote HTTP/1.1 on http-8065
init501  [Tomcat Catalina Start Thread] INFO  org.apache.catalina.startup.Catalina  - Initialization processed in 415 ms
load504  [Tomcat Catalina Start Thread] INFO  org.apache.catalina.core.StandardService  - Starting service Catalina
start505  [Tomcat Catalina Start Thread] INFO  org.apache.catalina.core.StandardEngine  - Starting Servlet Engine: Apache Tomcat/6.0.18
start501  [Start Level Event Dispatcher] INFO  org.springframework.osgi.extender.internal.blueprint.activator.BlueprintLoaderListener  - Starting [org.springframework.osgi.extender] bundle v.[2.0.0.M1]
start521  [Start Level Event Dispatcher] INFO  org.springframework.osgi.extender.internal.blueprint.activator.BlueprintLoaderListener  - No custom extender configuration detected; using defaults...
<init>522  [Start Level Event Dispatcher] INFO  org.springframework.osgi.extender.internal.support.ExtenderConfiguration$1  - Initializing Timer
afterPropertiesSet592  [Start Level Event Dispatcher] INFO  org.springframework.scheduling.timer.TimerTaskExecutor  - Initializing Timer
afterPropertiesSet595  [Tomcat Catalina Start Thread] INFO  org.apache.coyote.http11.Http11Protocol  - Starting Coyote HTTP/1.1 on http-8065
start603  [Tomcat Catalina Start Thread] INFO  org.springframework.osgi.web.tomcat.internal.Activator  - Succesfully started Apache Tomcat/6.0.18 @ Catalina:8065
run613  [Tomcat Catalina Start Thread] INFO  org.springframework.osgi.web.tomcat.internal.Activator  - Published Apache Tomcat/6.0.18 as an OSGi service
run605  [Start Level Event Dispatcher] INFO  org.springframework.osgi.web.extender.internal.activator.WarLoaderListener  - Starting [org.springframework.osgi.web.extender] bundle v.[2.0.0.M1]
start630  [WebExtender-Init] INFO  org.springframework.osgi.web.extender.internal.activator.WarListenerConfiguration  - No custom extender configuration detected; using defaults...
<init>632  [WebExtender-Init] INFO  org.springframework.osgi.web.deployer.tomcat.TomcatWarDeployer  - No Catalina Service set; looking for one in the OSGi service registry...
afterPropertiesSet689  [Start Level Event Dispatcher] INFO  org.springframework.osgi.extender.support.DefaultOsgiApplicationContextCreator  - Discovered configurations {osgibundle:/META-INF/spring/*.xml} in bundle [eu.neclab.iotplatform.confman.coreextensible (eu.neclab.iotplatform.confman.coreextensible)]
createApplicationContext718  [WebExtender-Init] INFO  org.springframework.osgi.web.deployer.tomcat.TomcatWarDeployer  - Found service Catalina
afterPropertiesSet722  [Start Level Event Dispatcher] INFO  org.springframework.osgi.extender.support.DefaultOsgiApplicationContextCreator  - Discovered configurations {osgibundle:/META-INF/spring/*.xml} in bundle [eu.neclab.iotplatform.confman.couchdb (eu.neclab.iotplatform.confman.couchdb)]
createApplicationContext723  [SpringOsgiExtenderThread-1] INFO  org.springframework.osgi.context.support.OsgiBundleXmlApplicationContext  - Refreshing OsgiBundleXmlApplicationContext(bundle=eu.neclab.iotplatform.confman.coreextensible, config=osgibundle:/META-INF/spring/*.xml): startup date [Fri Feb 27 17:56:41 CET 2015]; root of context hierarchy
prepareRefresh730  [Start Level Event Dispatcher] INFO  org.springframework.osgi.extender.support.DefaultOsgiApplicationContextCreator  - Discovered configurations {osgibundle:/META-INF/spring/*.xml} in bundle [eu.neclab.iotplatform.confman.extensionmanager (eu.neclab.iotplatform.confman.extensionmanager)]
createApplicationContext730  [SpringOsgiExtenderThread-2] INFO  org.springframework.osgi.context.support.OsgiBundleXmlApplicationContext  - Refreshing OsgiBundleXmlApplicationContext(bundle=eu.neclab.iotplatform.confman.couchdb, config=osgibundle:/META-INF/spring/*.xml): startup date [Fri Feb 27 17:56:41 CET 2015]; root of context hierarchy
prepareRefresh732  [SpringOsgiExtenderThread-3] INFO  org.springframework.osgi.context.support.OsgiBundleXmlApplicationContext  - Refreshing OsgiBundleXmlApplicationContext(bundle=eu.neclab.iotplatform.confman.extensionmanager, config=osgibundle:/META-INF/spring/*.xml): startup date [Fri Feb 27 17:56:41 CET 2015]; root of context hierarchy
prepareRefresh731  [Start Level Event Dispatcher] INFO  org.springframework.osgi.extender.support.DefaultOsgiApplicationContextCreator  - Discovered configurations {osgibundle:/META-INF/spring/*.xml} in bundle [eu.neclab.iotplatform.confman.geoindexer (eu.neclab.iotplatform.confman.geoindexer)]
createApplicationContext753  [SpringOsgiExtenderThread-1] INFO  org.springframework.osgi.context.support.OsgiBundleXmlApplicationContext  - Application Context service already unpublished
unpublishContextAsOsgiService754  [SpringOsgiExtenderThread-4] INFO  org.springframework.osgi.context.support.OsgiBundleXmlApplicationContext  - Refreshing OsgiBundleXmlApplicationContext(bundle=eu.neclab.iotplatform.confman.geoindexer, config=osgibundle:/META-INF/spring/*.xml): startup date [Fri Feb 27 17:56:41 CET 2015]; root of context hierarchy
prepareRefresh758  [SpringOsgiExtenderThread-4] INFO  org.springframework.osgi.context.support.OsgiBundleXmlApplicationContext  - Application Context service already unpublished
unpublishContextAsOsgiService754  [Start Level Event Dispatcher] INFO  org.springframework.osgi.extender.support.DefaultOsgiApplicationContextCreator  - Discovered configurations {osgibundle:/META-INF/spring/*.xml} in bundle [eu.neclab.iotplatform.confman.ngsi9geoextension (eu.neclab.iotplatform.confman.ngsi9geoextension)]
createApplicationContext754  [SpringOsgiExtenderThread-2] INFO  org.springframework.osgi.context.support.OsgiBundleXmlApplicationContext  - Application Context service already unpublished
unpublishContextAsOsgiService753  [SpringOsgiExtenderThread-3] INFO  org.springframework.osgi.context.support.OsgiBundleXmlApplicationContext  - Application Context service already unpublished
unpublishContextAsOsgiService801  [Start Level Event Dispatcher] INFO  org.springframework.osgi.extender.support.DefaultOsgiApplicationContextCreator  - Discovered configurations {osgibundle:/META-INF/spring/*.xml} in bundle [eu.neclab.iotplatform.confman.utilitystorage (eu.neclab.iotplatform.confman.utilitystorage)]
createApplicationContext802  [SpringOsgiExtenderThread-5] INFO  org.springframework.osgi.context.support.OsgiBundleXmlApplicationContext  - Refreshing OsgiBundleXmlApplicationContext(bundle=eu.neclab.iotplatform.confman.ngsi9geoextension, config=osgibundle:/META-INF/spring/*.xml): startup date [Fri Feb 27 17:56:41 CET 2015]; root of context hierarchy
prepareRefresh809  [SpringOsgiExtenderThread-5] INFO  org.springframework.osgi.context.support.OsgiBundleXmlApplicationContext  - Application Context service already unpublished
unpublishContextAsOsgiService810  [Start Level Event Dispatcher] INFO  org.springframework.osgi.extender.support.DefaultOsgiApplicationContextCreator  - Discovered configurations {osgibundle:/META-INF/spring/*.xml} in bundle [eu.neclab.iotplatform.confman.ngsihierarchyextension (eu.neclab.iotplatform.confman.ngsihierarchyextension)]
createApplicationContext811  [SpringOsgiExtenderThread-6] INFO  org.springframework.osgi.context.support.OsgiBundleXmlApplicationContext  - Refreshing OsgiBundleXmlApplicationContext(bundle=eu.neclab.iotplatform.confman.utilitystorage, config=osgibundle:/META-INF/spring/*.xml): startup date [Fri Feb 27 17:56:41 CET 2015]; root of context hierarchy
prepareRefresh811  [SpringOsgiExtenderThread-6] INFO  org.springframework.osgi.context.support.OsgiBundleXmlApplicationContext  - Application Context service already unpublished
unpublishContextAsOsgiService812  [SpringOsgiExtenderThread-7] INFO  org.springframework.osgi.context.support.OsgiBundleXmlApplicationContext  - Refreshing OsgiBundleXmlApplicationContext(bundle=eu.neclab.iotplatform.confman.ngsihierarchyextension, config=osgibundle:/META-INF/spring/*.xml): startup date [Fri Feb 27 17:56:41 CET 2015]; root of context hierarchy
prepareRefresh812  [Start Level Event Dispatcher] INFO  org.springframework.osgi.extender.support.DefaultOsgiApplicationContextCreator  - Discovered configurations {osgibundle:/META-INF/spring/*.xml} in bundle [eu.neclab.iotplatform.confman.ngsihierarchystorage (eu.neclab.iotplatform.confman.ngsihierarchystorage)]
createApplicationContext813  [SpringOsgiExtenderThread-7] INFO  org.springframework.osgi.context.support.OsgiBundleXmlApplicationContext  - Application Context service already unpublished
unpublishContextAsOsgiService814  [Start Level Event Dispatcher] INFO  org.springframework.osgi.extender.support.DefaultOsgiApplicationContextCreator  - Discovered configurations {osgibundle:/META-INF/spring/*.xml} in bundle [eu.neclab.iotplatform.confman.postgis (eu.neclab.iotplatform.confman.postgis)]
createApplicationContext816  [SpringOsgiExtenderThread-8] INFO  org.springframework.osgi.context.support.OsgiBundleXmlApplicationContext  - Refreshing OsgiBundleXmlApplicationContext(bundle=eu.neclab.iotplatform.confman.ngsihierarchystorage, config=osgibundle:/META-INF/spring/*.xml): startup date [Fri Feb 27 17:56:41 CET 2015]; root of context hierarchy
prepareRefresh817  [SpringOsgiExtenderThread-8] INFO  org.springframework.osgi.context.support.OsgiBundleXmlApplicationContext  - Application Context service already unpublished
unpublishContextAsOsgiService819  [Start Level Event Dispatcher] INFO  org.springframework.osgi.extender.support.DefaultOsgiApplicationContextCreator  - Discovered configurations {osgibundle:/META-INF/spring/*.xml} in bundle [eu.neclab.iotplatform.confman.postgres (eu.neclab.iotplatform.confman.postgres)]
createApplicationContext819  [SpringOsgiExtenderThread-9] INFO  org.springframework.osgi.context.support.OsgiBundleXmlApplicationContext  - Refreshing OsgiBundleXmlApplicationContext(bundle=eu.neclab.iotplatform.confman.postgis, config=osgibundle:/META-INF/spring/*.xml): startup date [Fri Feb 27 17:56:41 CET 2015]; root of context hierarchy
prepareRefresh820  [SpringOsgiExtenderThread-9] INFO  org.springframework.osgi.context.support.OsgiBundleXmlApplicationContext  - Application Context service already unpublished
unpublishContextAsOsgiService845  [WebExtender-Init] INFO  org.springframework.osgi.web.extender.internal.activator.WarLoaderListener  - eu.neclab.iotplatform.confman.restcontroller (eu.neclab.iotplatform.confman.restcontroller) is a WAR, scheduling war deployment on context path [/] (web.xml found at [bundleentry://82.fwk104182465/WEB-INF/web.xml])
maybeDeployWar840  [SpringOsgiExtenderThread-10] INFO  org.springframework.osgi.context.support.OsgiBundleXmlApplicationContext  - Refreshing OsgiBundleXmlApplicationContext(bundle=eu.neclab.iotplatform.confman.postgres, config=osgibundle:/META-INF/spring/*.xml): startup date [Fri Feb 27 17:56:41 CET 2015]; root of context hierarchy
prepareRefresh840  [Start Level Event Dispatcher] INFO  org.springframework.osgi.web.extender.internal.activator.WarLoaderListener  - eu.neclab.iotplatform.confman.restcontroller (eu.neclab.iotplatform.confman.restcontroller) is a WAR, scheduling war deployment on context path [/] (web.xml found at [bundleentry://82.fwk104182465/WEB-INF/web.xml])
maybeDeployWar852  [SpringOsgiExtenderThread-10] INFO  org.springframework.osgi.context.support.OsgiBundleXmlApplicationContext  - Application Context service already unpublished
unpublishContextAsOsgiService866  [SpringOsgiExtenderThread-10] INFO  org.springframework.beans.factory.xml.XmlBeanDefinitionReader  - Loading XML bean definitions from URL [bundleentry://81.fwk104182465/META-INF/spring/postgres-context.xml]
loadBeanDefinitions870  [SpringOsgiExtenderThread-5] INFO  org.springframework.beans.factory.xml.XmlBeanDefinitionReader  - Loading XML bean definitions from URL [bundleentry://75.fwk104182465/META-INF/spring/ngsi9geoextension-context.xml]
loadBeanDefinitions870  [SpringOsgiExtenderThread-8] INFO  org.springframework.beans.factory.xml.XmlBeanDefinitionReader  - Loading XML bean definitions from URL [bundleentry://79.fwk104182465/META-INF/spring/ngsihierarchystorage-context.xml]
loadBeanDefinitions869  [SpringOsgiExtenderThread-3] INFO  org.springframework.beans.factory.xml.XmlBeanDefinitionReader  - Loading XML bean definitions from URL [bundleentry://73.fwk104182465/META-INF/spring/extensionmanager-context.xml]
loadBeanDefinitions869  [SpringOsgiExtenderThread-2] INFO  org.springframework.beans.factory.xml.XmlBeanDefinitionReader  - Loading XML bean definitions from URL [bundleentry://72.fwk104182465/META-INF/spring/couchdb-context.xml]
loadBeanDefinitions867  [SpringOsgiExtenderThread-6] INFO  org.springframework.beans.factory.xml.XmlBeanDefinitionReader  - Loading XML bean definitions from URL [bundleentry://77.fwk104182465/META-INF/spring/notificationstorage-context.xml]
loadBeanDefinitions867  [SpringOsgiExtenderThread-7] INFO  org.springframework.beans.factory.xml.XmlBeanDefinitionReader  - Loading XML bean definitions from URL [bundleentry://78.fwk104182465/META-INF/spring/ngsihierarchyextension-context.xml]
loadBeanDefinitions866  [SpringOsgiExtenderThread-9] INFO  org.springframework.beans.factory.xml.XmlBeanDefinitionReader  - Loading XML bean definitions from URL [bundleentry://80.fwk104182465/META-INF/spring/postgisindexer-context.xml]
loadBeanDefinitions884  [SpringOsgiExtenderThread-4] INFO  org.springframework.beans.factory.xml.XmlBeanDefinitionReader  - Loading XML bean definitions from URL [bundleentry://74.fwk104182465/META-INF/spring/geoindexer-context.xml]
loadBeanDefinitions885  [SpringOsgiExtenderThread-1] INFO  org.springframework.beans.factory.xml.XmlBeanDefinitionReader  - Loading XML bean definitions from URL [bundleentry://71.fwk104182465/META-INF/spring/confmancore-context.xml]
loadBeanDefinitions4895 [SpringOsgiExtenderThread-10] INFO  org.springframework.beans.factory.xml.XmlBeanDefinitionReader  - Loading XML bean definitions from URL [bundleentry://81.fwk104182465/META-INF/spring/postgres-osgi.xml]
loadBeanDefinitions4996 [SpringOsgiExtenderThread-9] INFO  org.springframework.beans.factory.xml.XmlBeanDefinitionReader  - Loading XML bean definitions from URL [bundleentry://80.fwk104182465/META-INF/spring/postgisindexer-osgi.xml]
loadBeanDefinitions5074 [SpringOsgiExtenderThread-8] INFO  org.springframework.beans.factory.xml.XmlBeanDefinitionReader  - Loading XML bean definitions from URL [bundleentry://79.fwk104182465/META-INF/spring/ngsihierarchystorage-osgi.xml]
loadBeanDefinitions5105 [SpringOsgiExtenderThread-4] INFO  org.springframework.beans.factory.xml.XmlBeanDefinitionReader  - Loading XML bean definitions from URL [bundleentry://74.fwk104182465/META-INF/spring/geoindexer-osgi.xml]
loadBeanDefinitions5232 [SpringOsgiExtenderThread-1] INFO  org.springframework.beans.factory.xml.XmlBeanDefinitionReader  - Loading XML bean definitions from URL [bundleentry://71.fwk104182465/META-INF/spring/confmancore-osgi.xml]
loadBeanDefinitions5357 [SpringOsgiExtenderThread-3] INFO  org.springframework.beans.factory.xml.XmlBeanDefinitionReader  - Loading XML bean definitions from URL [bundleentry://73.fwk104182465/META-INF/spring/extensionmanager-osgi.xml]
loadBeanDefinitions5393 [SpringOsgiExtenderThread-5] INFO  org.springframework.beans.factory.xml.XmlBeanDefinitionReader  - Loading XML bean definitions from URL [bundleentry://75.fwk104182465/META-INF/spring/ngsi9geoextension-osgi.xml]
loadBeanDefinitions5428 [Timer-0] WARN  org.apache.catalina.startup.DigesterFactory  - Could not get url for /javax/servlet/resources/j2ee_1_4.xsd
register5502 [Timer-0] WARN  org.apache.catalina.startup.DigesterFactory  - Could not get url for /javax/servlet/resources/xml.xsd
register5502 [Timer-0] WARN  org.apache.catalina.startup.DigesterFactory  - Could not get url for /javax/servlet/jsp/resources/jsp_2_0.xsd
register5503 [Timer-0] WARN  org.apache.catalina.startup.DigesterFactory  - Could not get url for /javax/servlet/jsp/resources/jsp_2_1.xsd
register5503 [Timer-0] WARN  org.apache.catalina.startup.DigesterFactory  - Could not get url for /javax/servlet/jsp/resources/web-jsptaglibrary_1_1.dtd
register5507 [Timer-0] WARN  org.apache.catalina.startup.DigesterFactory  - Could not get url for /javax/servlet/jsp/resources/web-jsptaglibrary_1_2.dtd
register5508 [Timer-0] WARN  org.apache.catalina.startup.DigesterFactory  - Could not get url for /javax/servlet/jsp/resources/web-jsptaglibrary_2_0.xsd
register5509 [Timer-0] WARN  org.apache.catalina.startup.DigesterFactory  - Could not get url for /javax/servlet/jsp/resources/web-jsptaglibrary_2_1.xsd
register5509 [Timer-0] WARN  org.apache.catalina.startup.DigesterFactory  - Could not get url for /javax/servlet/resources/web-app_2_2.dtd
register5544 [Timer-0] WARN  org.apache.catalina.startup.DigesterFactory  - Could not get url for /javax/servlet/resources/web-app_2_3.dtd
register5544 [Timer-0] WARN  org.apache.catalina.startup.DigesterFactory  - Could not get url for /javax/servlet/resources/web-app_2_4.xsd
register5544 [Timer-0] WARN  org.apache.catalina.startup.DigesterFactory  - Could not get url for /javax/servlet/resources/web-app_2_5.xsd
register5546 [Timer-0] WARN  org.apache.catalina.startup.DigesterFactory  - Could not get url for /javax/servlet/resources/j2ee_web_services_1_1.xsd
register5553 [Timer-0] WARN  org.apache.catalina.startup.DigesterFactory  - Could not get url for /javax/servlet/resources/j2ee_web_services_client_1_1.xsd
register5534 [SpringOsgiExtenderThread-2] INFO  org.springframework.beans.factory.xml.XmlBeanDefinitionReader  - Loading XML bean definitions from URL [bundleentry://72.fwk104182465/META-INF/spring/couchdb-osgi.xml]
loadBeanDefinitions5517 [SpringOsgiExtenderThread-7] INFO  org.springframework.beans.factory.xml.XmlBeanDefinitionReader  - Loading XML bean definitions from URL [bundleentry://78.fwk104182465/META-INF/spring/ngsihierarchyextension-osgi.xml]
loadBeanDefinitions5635 [SpringOsgiExtenderThread-6] INFO  org.springframework.beans.factory.xml.XmlBeanDefinitionReader  - Loading XML bean definitions from URL [bundleentry://77.fwk104182465/META-INF/spring/notificationstorage-osgi.xml]
loadBeanDefinitions5716 [SpringOsgiExtenderThread-10] INFO  org.springframework.osgi.extender.internal.dependencies.startup.DependencyWaiterApplicationContextExecutor  - No outstanding OSGi service dependencies, completing initialization for OsgiBundleXmlApplicationContext(bundle=eu.neclab.iotplatform.confman.postgres, config=osgibundle:/META-INF/spring/*.xml)
stageOne5719 [SpringOsgiExtenderThread-3] INFO  org.springframework.osgi.extender.internal.dependencies.startup.DependencyWaiterApplicationContextExecutor  - No outstanding OSGi service dependencies, completing initialization for OsgiBundleXmlApplicationContext(bundle=eu.neclab.iotplatform.confman.extensionmanager, config=osgibundle:/META-INF/spring/*.xml)
stageOne5778 [SpringOsgiExtenderThread-2] INFO  org.springframework.osgi.extender.internal.dependencies.startup.DependencyWaiterApplicationContextExecutor  - No outstanding OSGi service dependencies, completing initialization for OsgiBundleXmlApplicationContext(bundle=eu.neclab.iotplatform.confman.couchdb, config=osgibundle:/META-INF/spring/*.xml)
stageOne5826 [Timer-0] WARN  org.apache.catalina.startup.DigesterFactory  - Could not get url for /javax/servlet/resources/j2ee_1_4.xsd
register5826 [Timer-0] WARN  org.apache.catalina.startup.DigesterFactory  - Could not get url for /javax/servlet/resources/xml.xsd
register5826 [Timer-0] WARN  org.apache.catalina.startup.DigesterFactory  - Could not get url for /javax/servlet/jsp/resources/jsp_2_0.xsd
register5827 [Timer-0] WARN  org.apache.catalina.startup.DigesterFactory  - Could not get url for /javax/servlet/jsp/resources/jsp_2_1.xsd
register5827 [Timer-0] WARN  org.apache.catalina.startup.DigesterFactory  - Could not get url for /javax/servlet/jsp/resources/web-jsptaglibrary_1_1.dtd
register5827 [Timer-0] WARN  org.apache.catalina.startup.DigesterFactory  - Could not get url for /javax/servlet/jsp/resources/web-jsptaglibrary_1_2.dtd
register5827 [Timer-0] WARN  org.apache.catalina.startup.DigesterFactory  - Could not get url for /javax/servlet/jsp/resources/web-jsptaglibrary_2_0.xsd
register5827 [Timer-0] WARN  org.apache.catalina.startup.DigesterFactory  - Could not get url for /javax/servlet/jsp/resources/web-jsptaglibrary_2_1.xsd
register5828 [Timer-0] WARN  org.apache.catalina.startup.DigesterFactory  - Could not get url for /javax/servlet/resources/web-app_2_2.dtd
register5828 [Timer-0] WARN  org.apache.catalina.startup.DigesterFactory  - Could not get url for /javax/servlet/resources/web-app_2_3.dtd
register5828 [Timer-0] WARN  org.apache.catalina.startup.DigesterFactory  - Could not get url for /javax/servlet/resources/web-app_2_4.xsd
register5828 [Timer-0] WARN  org.apache.catalina.startup.DigesterFactory  - Could not get url for /javax/servlet/resources/web-app_2_5.xsd
register5829 [Timer-0] WARN  org.apache.catalina.startup.DigesterFactory  - Could not get url for /javax/servlet/resources/j2ee_web_services_1_1.xsd
register5854 [Timer-0] WARN  org.apache.catalina.startup.DigesterFactory  - Could not get url for /javax/servlet/resources/j2ee_web_services_client_1_1.xsd
register5818 [SpringOsgiExtenderThread-6] INFO  org.springframework.osgi.extender.internal.dependencies.startup.DependencyServiceManager  - Adding OSGi service dependency for importer [&Postgres] matching OSGi filter [(objectClass=eu.neclab.iotplatform.confman.commons.interfaces.PostgresInterface)]
doFindDependencies5856 [SpringOsgiExtenderThread-6] INFO  org.springframework.osgi.extender.internal.dependencies.startup.DependencyServiceManager  - OsgiBundleXmlApplicationContext(bundle=eu.neclab.iotplatform.confman.utilitystorage, config=osgibundle:/META-INF/spring/*.xml) is waiting for unsatisfied dependencies [[&Postgres]]
findServiceDependencies5818 [SpringOsgiExtenderThread-7] INFO  org.springframework.osgi.extender.internal.dependencies.startup.DependencyServiceManager  - Adding OSGi service dependency for importer [&Ngsi9ExtensionManager] matching OSGi filter [(objectClass=eu.neclab.iotplatform.confman.commons.interfaces.Ngsi9ExtensionManagerInterface)]
doFindDependencies5857 [SpringOsgiExtenderThread-7] INFO  org.springframework.osgi.extender.internal.dependencies.startup.DependencyServiceManager  - Adding OSGi service dependency for importer [&NgsiHierarchyStorage] matching OSGi filter [(objectClass=eu.neclab.iotplatform.confman.commons.interfaces.NgsiHierarchyStorageInterface)]
doFindDependencies5858 [SpringOsgiExtenderThread-7] INFO  org.springframework.osgi.extender.internal.dependencies.startup.DependencyServiceManager  - OsgiBundleXmlApplicationContext(bundle=eu.neclab.iotplatform.confman.ngsihierarchyextension, config=osgibundle:/META-INF/spring/*.xml) is waiting for unsatisfied dependencies [[&Ngsi9ExtensionManager, &NgsiHierarchyStorage]]
findServiceDependencies5817 [SpringOsgiExtenderThread-8] INFO  org.springframework.osgi.extender.internal.dependencies.startup.DependencyServiceManager  - Adding OSGi service dependency for importer [&Postgres] matching OSGi filter [(objectClass=eu.neclab.iotplatform.confman.commons.interfaces.PostgresInterface)]
doFindDependencies5858 [SpringOsgiExtenderThread-8] INFO  org.springframework.osgi.extender.internal.dependencies.startup.DependencyServiceManager  - OsgiBundleXmlApplicationContext(bundle=eu.neclab.iotplatform.confman.ngsihierarchystorage, config=osgibundle:/META-INF/spring/*.xml) is waiting for unsatisfied dependencies [[&Postgres]]
findServiceDependencies5816 [SpringOsgiExtenderThread-9] INFO  org.springframework.osgi.extender.internal.dependencies.startup.DependencyServiceManager  - Adding OSGi service dependency for importer [&Postgres] matching OSGi filter [(objectClass=eu.neclab.iotplatform.confman.commons.interfaces.PostgresInterface)]
doFindDependencies5859 [SpringOsgiExtenderThread-9] INFO  org.springframework.osgi.extender.internal.dependencies.startup.DependencyServiceManager  - OsgiBundleXmlApplicationContext(bundle=eu.neclab.iotplatform.confman.postgis, config=osgibundle:/META-INF/spring/*.xml) is waiting for unsatisfied dependencies [[&Postgres]]
findServiceDependencies5816 [SpringOsgiExtenderThread-1] INFO  org.springframework.beans.factory.config.PropertyPlaceholderConfigurer  - Loading properties file from OSGi resource[file:////home/nec/DemoConfiguration/ConfMan_Runner/configurations//config/config.xml|bnd.id=71|bnd.sym=eu.neclab.iotplatform.confman.coreextensible]
loadProperties5815 [SpringOsgiExtenderThread-4] INFO  org.springframework.osgi.extender.internal.dependencies.startup.DependencyServiceManager  - Adding OSGi service dependency for importer [&SpatialIndexer] matching OSGi filter [(objectClass=eu.neclab.iotplatform.confman.commons.spatial.interfaces.ISpatialIndexer)]
doFindDependencies5867 [SpringOsgiExtenderThread-4] INFO  org.springframework.osgi.extender.internal.dependencies.startup.DependencyServiceManager  - OsgiBundleXmlApplicationContext(bundle=eu.neclab.iotplatform.confman.geoindexer, config=osgibundle:/META-INF/spring/*.xml) is waiting for unsatisfied dependencies [[&SpatialIndexer]]
findServiceDependencies5833 [SpringOsgiExtenderThread-5] INFO  org.springframework.osgi.extender.internal.dependencies.startup.DependencyServiceManager  - Adding OSGi service dependency for importer [&GeoIndexer] matching OSGi filter [(objectClass=eu.neclab.iotplatform.confman.commons.interfaces.GeoIndexerInterface)]
doFindDependencies5868 [SpringOsgiExtenderThread-5] INFO  org.springframework.osgi.extender.internal.dependencies.startup.DependencyServiceManager  - Adding OSGi service dependency for importer [&Ngsi9ExtensionManager] matching OSGi filter [(objectClass=eu.neclab.iotplatform.confman.commons.interfaces.Ngsi9ExtensionManagerInterface)]
doFindDependencies5868 [SpringOsgiExtenderThread-5] INFO  org.springframework.osgi.extender.internal.dependencies.startup.DependencyServiceManager  - OsgiBundleXmlApplicationContext(bundle=eu.neclab.iotplatform.confman.ngsi9geoextension, config=osgibundle:/META-INF/spring/*.xml) is waiting for unsatisfied dependencies [[&GeoIndexer, &Ngsi9ExtensionManager]]
findServiceDependencies5883 [SpringOsgiExtenderThread-13] INFO  org.springframework.beans.factory.support.DefaultListableBeanFactory  - Pre-instantiating singletons in org.springframework.beans.factory.support.DefaultListableBeanFactory@4f2c0836: defining beans [org.springframework.context.annotation.internalConfigurationAnnotationProcessor,org.springframework.context.annotation.internalAutowiredAnnotationProcessor,org.springframework.context.annotation.internalRequiredAnnotationProcessor,org.springframework.context.annotation.internalCommonAnnotationProcessor,org.springframework.context.annotation.internalPersistenceAnnotationProcessor,couchdb,CouchDB]; root of factory hierarchy
preInstantiateSingletons5916 [SpringOsgiExtenderThread-12] INFO  org.springframework.beans.factory.support.DefaultListableBeanFactory  - Pre-instantiating singletons in org.springframework.beans.factory.support.DefaultListableBeanFactory@227ed534: defining beans [org.springframework.context.annotation.internalConfigurationAnnotationProcessor,org.springframework.context.annotation.internalAutowiredAnnotationProcessor,org.springframework.context.annotation.internalRequiredAnnotationProcessor,org.springframework.context.annotation.internalCommonAnnotationProcessor,org.springframework.context.annotation.internalPersistenceAnnotationProcessor,postgres,Postgres]; root of factory hierarchy
preInstantiateSingletons5904 [SpringOsgiExtenderThread-11] INFO  org.springframework.beans.factory.support.DefaultListableBeanFactory  - Pre-instantiating singletons in org.springframework.beans.factory.support.DefaultListableBeanFactory@3b3b2835: defining beans [org.springframework.context.annotation.internalConfigurationAnnotationProcessor,org.springframework.context.annotation.internalAutowiredAnnotationProcessor,org.springframework.context.annotation.internalRequiredAnnotationProcessor,org.springframework.context.annotation.internalCommonAnnotationProcessor,org.springframework.context.annotation.internalPersistenceAnnotationProcessor,ngsi9ExtensionManager,Ngsi9ExtensionManager]; root of factory hierarchy
preInstantiateSingletons5947 [SpringOsgiExtenderThread-1] INFO  org.springframework.osgi.extender.internal.dependencies.startup.DependencyServiceManager  - Adding OSGi service dependency for importer [&Ngsi9Storage] matching OSGi filter [(objectClass=eu.neclab.iotplatform.confman.commons.interfaces.Ngsi9StorageInterface)]
doFindDependencies5984 [SpringOsgiExtenderThread-1] INFO  org.springframework.osgi.extender.internal.dependencies.startup.DependencyServiceManager  - Adding OSGi service dependency for importer [&Ngsi9ExtensionManager] matching OSGi filter [(objectClass=eu.neclab.iotplatform.confman.commons.interfaces.Ngsi9ExtensionManagerInterface)]
doFindDependencies5985 [SpringOsgiExtenderThread-1] INFO  org.springframework.osgi.extender.internal.dependencies.startup.DependencyServiceManager  - Adding OSGi service dependency for importer [&UtilityStorage] matching OSGi filter [(objectClass=eu.neclab.iotplatform.confman.commons.interfaces.UtilityStorageInterface)]
doFindDependencies5985 [SpringOsgiExtenderThread-1] INFO  org.springframework.osgi.extender.internal.dependencies.startup.DependencyServiceManager  - OsgiBundleXmlApplicationContext(bundle=eu.neclab.iotplatform.confman.coreextensible, config=osgibundle:/META-INF/spring/*.xml) is waiting for unsatisfied dependencies [[&Ngsi9Storage, &Ngsi9ExtensionManager, &UtilityStorage]]
findServiceDependencies5993 [Timer-0] INFO  org.apache.catalina.startup.ContextConfig  - No default web.xml
defaultWebConfig6082 [SpringOsgiExtenderThread-11] INFO  org.springframework.osgi.service.exporter.support.OsgiServiceFactoryBean  - Publishing service under classes [{eu.neclab.iotplatform.confman.commons.interfaces.Ngsi9ExtensionManagerInterface}]
registerService6097 [SpringOsgiExtenderThread-13] INFO  eu.neclab.iotplatform.confman.commons.methods.HttpRequester  - 
Response Code : 200
Response : ["_replicator","_users","confman_registercontext","confman_subscribecontextavailability"]

sendGet6125 [SpringOsgiExtenderThread-12] INFO  org.springframework.osgi.service.exporter.support.OsgiServiceFactoryBean  - Publishing service under classes [{eu.neclab.iotplatform.confman.commons.interfaces.PostgresInterface}]
registerService6134 [SpringOsgiExtenderThread-12] INFO  org.springframework.osgi.extender.internal.dependencies.startup.DependencyServiceManager  - No unsatisfied OSGi service dependencies; completing initialization for OsgiBundleXmlApplicationContext(bundle=eu.neclab.iotplatform.confman.postgis, config=osgibundle:/META-INF/spring/*.xml)
serviceChanged6149 [SpringOsgiExtenderThread-11] INFO  org.springframework.osgi.context.support.OsgiBundleXmlApplicationContext  - Publishing application context as OSGi service with properties {org.springframework.context.service.name=eu.neclab.iotplatform.confman.extensionmanager, Bundle-SymbolicName=eu.neclab.iotplatform.confman.extensionmanager, Bundle-Version=1.0.5}
publishContextAsOsgiServiceIfNecessary6156 [SpringOsgiExtenderThread-13] INFO  org.springframework.osgi.service.exporter.support.OsgiServiceFactoryBean  - Publishing service under classes [{eu.neclab.iotplatform.confman.commons.interfaces.Ngsi9StorageInterface}]
registerService6158 [SpringOsgiExtenderThread-11] INFO  org.springframework.osgi.extender.internal.activator.ContextLoaderListener  - Application context successfully refreshed (OsgiBundleXmlApplicationContext(bundle=eu.neclab.iotplatform.confman.extensionmanager, config=osgibundle:/META-INF/spring/*.xml))
onOsgiApplicationEvent6158 [SpringOsgiExtenderThread-12] INFO  org.springframework.osgi.extender.internal.dependencies.startup.DependencyServiceManager  - No unsatisfied OSGi service dependencies; completing initialization for OsgiBundleXmlApplicationContext(bundle=eu.neclab.iotplatform.confman.utilitystorage, config=osgibundle:/META-INF/spring/*.xml)
serviceChanged6169 [SpringOsgiExtenderThread-13] INFO  org.springframework.osgi.context.support.OsgiBundleXmlApplicationContext  - Publishing application context as OSGi service with properties {org.springframework.context.service.name=eu.neclab.iotplatform.confman.couchdb, Bundle-SymbolicName=eu.neclab.iotplatform.confman.couchdb, Bundle-Version=1.0.5}
publishContextAsOsgiServiceIfNecessary6170 [SpringOsgiExtenderThread-13] INFO  org.springframework.osgi.extender.internal.activator.ContextLoaderListener  - Application context successfully refreshed (OsgiBundleXmlApplicationContext(bundle=eu.neclab.iotplatform.confman.couchdb, config=osgibundle:/META-INF/spring/*.xml))
onOsgiApplicationEvent6183 [SpringOsgiExtenderThread-14] INFO  org.springframework.beans.factory.support.DefaultListableBeanFactory  - Pre-instantiating singletons in org.springframework.beans.factory.support.DefaultListableBeanFactory@7990e4a: defining beans [org.springframework.context.annotation.internalConfigurationAnnotationProcessor,org.springframework.context.annotation.internalAutowiredAnnotationProcessor,org.springframework.context.annotation.internalRequiredAnnotationProcessor,org.springframework.context.annotation.internalCommonAnnotationProcessor,org.springframework.context.annotation.internalPersistenceAnnotationProcessor,postgisindexer,PostGISIndexer,Postgres]; root of factory hierarchy
preInstantiateSingletons6171 [SpringOsgiExtenderThread-12] INFO  org.springframework.osgi.extender.internal.dependencies.startup.DependencyServiceManager  - No unsatisfied OSGi service dependencies; completing initialization for OsgiBundleXmlApplicationContext(bundle=eu.neclab.iotplatform.confman.ngsihierarchystorage, config=osgibundle:/META-INF/spring/*.xml)
serviceChanged6224 [SpringOsgiExtenderThread-15] INFO  org.springframework.beans.factory.support.DefaultListableBeanFactory  - Pre-instantiating singletons in org.springframework.beans.factory.support.DefaultListableBeanFactory@18fe5942: defining beans [org.springframework.context.annotation.internalConfigurationAnnotationProcessor,org.springframework.context.annotation.internalAutowiredAnnotationProcessor,org.springframework.context.annotation.internalRequiredAnnotationProcessor,org.springframework.context.annotation.internalCommonAnnotationProcessor,org.springframework.context.annotation.internalPersistenceAnnotationProcessor,utilitystorage,UtilityStorage,Postgres]; root of factory hierarchy
preInstantiateSingletons6245 [SpringOsgiExtenderThread-16] INFO  org.springframework.beans.factory.support.DefaultListableBeanFactory  - Pre-instantiating singletons in org.springframework.beans.factory.support.DefaultListableBeanFactory@103bdaa8: defining beans [org.springframework.context.annotation.internalConfigurationAnnotationProcessor,org.springframework.context.annotation.internalAutowiredAnnotationProcessor,org.springframework.context.annotation.internalRequiredAnnotationProcessor,org.springframework.context.annotation.internalCommonAnnotationProcessor,org.springframework.context.annotation.internalPersistenceAnnotationProcessor,ngsihierarchystorage,NgsiHierarchyStorage,Postgres]; root of factory hierarchy
preInstantiateSingletons6238 [Timer-0] INFO  org.apache.catalina.core.ContainerBase.[Catalina].[localhost].[/]  - Initializing Spring root WebApplicationContext
log6259 [Timer-0] INFO  org.springframework.web.context.ContextLoader  - Root WebApplicationContext: initialization started
initWebApplicationContext6260 [Timer-0] INFO  org.springframework.osgi.web.context.support.OsgiBundleXmlWebApplicationContext  - Refreshing OsgiBundleXmlWebApplicationContext(bundle=eu.neclab.iotplatform.confman.restcontroller, config=/WEB-INF/applicationContext.xml): startup date [Fri Feb 27 17:56:46 CET 2015]; root of context hierarchy
prepareRefresh6261 [Timer-0] INFO  org.springframework.osgi.web.context.support.OsgiBundleXmlWebApplicationContext  - Application Context service already unpublished
unpublishContextAsOsgiService6262 [Timer-0] INFO  org.springframework.beans.factory.xml.XmlBeanDefinitionReader  - Loading XML bean definitions from URL [bundleentry://82.fwk104182465/WEB-INF/applicationContext.xml]
loadBeanDefinitions6234 [SpringOsgiExtenderThread-14] INFO  org.springframework.osgi.service.exporter.support.OsgiServiceFactoryBean  - Publishing service under classes [{eu.neclab.iotplatform.confman.commons.spatial.interfaces.ISpatialIndexer}]
registerService6228 [SpringOsgiExtenderThread-12] INFO  org.springframework.osgi.context.support.OsgiBundleXmlApplicationContext  - Publishing application context as OSGi service with properties {org.springframework.context.service.name=eu.neclab.iotplatform.confman.postgres, Bundle-SymbolicName=eu.neclab.iotplatform.confman.postgres, Bundle-Version=1.0.5}
publishContextAsOsgiServiceIfNecessary6271 [SpringOsgiExtenderThread-12] INFO  org.springframework.osgi.extender.internal.activator.ContextLoaderListener  - Application context successfully refreshed (OsgiBundleXmlApplicationContext(bundle=eu.neclab.iotplatform.confman.postgres, config=osgibundle:/META-INF/spring/*.xml))
onOsgiApplicationEvent6271 [SpringOsgiExtenderThread-14] INFO  org.springframework.osgi.extender.internal.dependencies.startup.DependencyServiceManager  - No unsatisfied OSGi service dependencies; completing initialization for OsgiBundleXmlApplicationContext(bundle=eu.neclab.iotplatform.confman.geoindexer, config=osgibundle:/META-INF/spring/*.xml)
serviceChanged6272 [SpringOsgiExtenderThread-14] INFO  org.springframework.osgi.context.support.OsgiBundleXmlApplicationContext  - Publishing application context as OSGi service with properties {org.springframework.context.service.name=eu.neclab.iotplatform.confman.postgis, Bundle-SymbolicName=eu.neclab.iotplatform.confman.postgis, Bundle-Version=1.0.5}
publishContextAsOsgiServiceIfNecessary6277 [SpringOsgiExtenderThread-14] INFO  org.springframework.osgi.extender.internal.activator.ContextLoaderListener  - Application context successfully refreshed (OsgiBundleXmlApplicationContext(bundle=eu.neclab.iotplatform.confman.postgis, config=osgibundle:/META-INF/spring/*.xml))
onOsgiApplicationEvent6293 [SpringOsgiExtenderThread-17] INFO  org.springframework.beans.factory.support.DefaultListableBeanFactory  - Pre-instantiating singletons in org.springframework.beans.factory.support.DefaultListableBeanFactory@3063adc4: defining beans [org.springframework.context.annotation.internalConfigurationAnnotationProcessor,org.springframework.context.annotation.internalAutowiredAnnotationProcessor,org.springframework.context.annotation.internalRequiredAnnotationProcessor,org.springframework.context.annotation.internalCommonAnnotationProcessor,org.springframework.context.annotation.internalPersistenceAnnotationProcessor,geoindexer,GeoIndexer,SpatialIndexer]; root of factory hierarchy
preInstantiateSingletons6332 [SpringOsgiExtenderThread-16] INFO  eu.neclab.iotplatform.confman.ngsihierarchystorage.NgsiHierarchyStorage  - SQL request: SELECT table_name FROM information_schema.tables;
checkTables6332 [SpringOsgiExtenderThread-15] INFO  eu.neclab.iotplatform.confman.utilitystorage.UtilityStorage  - SQL request: SELECT table_name FROM information_schema.tables;
checkTables6356 [SpringOsgiExtenderThread-17] INFO  org.springframework.osgi.service.exporter.support.OsgiServiceFactoryBean  - Publishing service under classes [{eu.neclab.iotplatform.confman.commons.interfaces.GeoIndexerInterface}]
registerService6360 [SpringOsgiExtenderThread-17] INFO  org.springframework.osgi.extender.internal.dependencies.startup.DependencyServiceManager  - No unsatisfied OSGi service dependencies; completing initialization for OsgiBundleXmlApplicationContext(bundle=eu.neclab.iotplatform.confman.ngsi9geoextension, config=osgibundle:/META-INF/spring/*.xml)
serviceChanged6361 [SpringOsgiExtenderThread-17] INFO  org.springframework.osgi.context.support.OsgiBundleXmlApplicationContext  - Publishing application context as OSGi service with properties {org.springframework.context.service.name=eu.neclab.iotplatform.confman.geoindexer, Bundle-SymbolicName=eu.neclab.iotplatform.confman.geoindexer, Bundle-Version=1.0.5}
publishContextAsOsgiServiceIfNecessary6362 [SpringOsgiExtenderThread-17] INFO  org.springframework.osgi.extender.internal.activator.ContextLoaderListener  - Application context successfully refreshed (OsgiBundleXmlApplicationContext(bundle=eu.neclab.iotplatform.confman.geoindexer, config=osgibundle:/META-INF/spring/*.xml))
onOsgiApplicationEvent6352 [Timer-0] INFO  org.springframework.beans.factory.support.DefaultListableBeanFactory  - Pre-instantiating singletons in org.springframework.beans.factory.support.DefaultListableBeanFactory@51be8406: defining beans []; root of factory hierarchy
preInstantiateSingletons6364 [Timer-0] INFO  org.springframework.osgi.web.context.support.OsgiBundleXmlWebApplicationContext  - Publishing application context as OSGi service with properties {org.springframework.context.service.name=eu.neclab.iotplatform.confman.restcontroller, Bundle-SymbolicName=eu.neclab.iotplatform.confman.restcontroller, Bundle-Version=1.0.5}
publishContextAsOsgiServiceIfNecessary6409 [SpringOsgiExtenderThread-18] INFO  org.springframework.beans.factory.support.DefaultListableBeanFactory  - Pre-instantiating singletons in org.springframework.beans.factory.support.DefaultListableBeanFactory@617c0410: defining beans [org.springframework.context.annotation.internalConfigurationAnnotationProcessor,org.springframework.context.annotation.internalAutowiredAnnotationProcessor,org.springframework.context.annotation.internalRequiredAnnotationProcessor,org.springframework.context.annotation.internalCommonAnnotationProcessor,org.springframework.context.annotation.internalPersistenceAnnotationProcessor,ngsi9geoextension,GeoIndexer,Ngsi9ExtensionManager]; root of factory hierarchy
preInstantiateSingletons6437 [SpringOsgiExtenderThread-18] INFO  eu.neclab.iotplatform.confman.ngsi9geoextension.Ngsi9GeoExtension  - Ngsi9GeoExtension Service Started
<init>6435 [SpringOsgiExtenderThread-16] INFO  org.springframework.osgi.service.exporter.support.OsgiServiceFactoryBean  - Publishing service under classes [{eu.neclab.iotplatform.confman.commons.interfaces.NgsiHierarchyStorageInterface}]
registerService6431 [SpringOsgiExtenderThread-15] INFO  org.springframework.osgi.service.exporter.support.OsgiServiceFactoryBean  - Publishing service under classes [{eu.neclab.iotplatform.confman.commons.interfaces.UtilityStorageInterface}]
registerService6420 [Timer-0] INFO  org.springframework.web.context.ContextLoader  - Root WebApplicationContext: initialization completed in 161 ms
initWebApplicationContext6444 [SpringOsgiExtenderThread-15] INFO  org.springframework.osgi.extender.internal.dependencies.startup.DependencyServiceManager  - No unsatisfied OSGi service dependencies; completing initialization for OsgiBundleXmlApplicationContext(bundle=eu.neclab.iotplatform.confman.coreextensible, config=osgibundle:/META-INF/spring/*.xml)
serviceChanged6456 [SpringOsgiExtenderThread-15] INFO  org.springframework.osgi.context.support.OsgiBundleXmlApplicationContext  - Publishing application context as OSGi service with properties {org.springframework.context.service.name=eu.neclab.iotplatform.confman.utilitystorage, Bundle-SymbolicName=eu.neclab.iotplatform.confman.utilitystorage, Bundle-Version=1.0.5}
publishContextAsOsgiServiceIfNecessary6501 [SpringOsgiExtenderThread-16] INFO  org.springframework.osgi.extender.internal.dependencies.startup.DependencyServiceManager  - No unsatisfied OSGi service dependencies; completing initialization for OsgiBundleXmlApplicationContext(bundle=eu.neclab.iotplatform.confman.ngsihierarchyextension, config=osgibundle:/META-INF/spring/*.xml)
serviceChanged6502 [SpringOsgiExtenderThread-16] INFO  org.springframework.osgi.context.support.OsgiBundleXmlApplicationContext  - Publishing application context as OSGi service with properties {org.springframework.context.service.name=eu.neclab.iotplatform.confman.ngsihierarchystorage, Bundle-SymbolicName=eu.neclab.iotplatform.confman.ngsihierarchystorage, Bundle-Version=1.0.5}
publishContextAsOsgiServiceIfNecessary6507 [SpringOsgiExtenderThread-18] INFO  eu.neclab.iotplatform.confman.geoindexer.GeoIndexer  - Register Spatial DB! confman_registercontext
registerObjectType6553 [SpringOsgiExtenderThread-16] INFO  org.springframework.osgi.extender.internal.activator.ContextLoaderListener  - Application context successfully refreshed (OsgiBundleXmlApplicationContext(bundle=eu.neclab.iotplatform.confman.ngsihierarchystorage, config=osgibundle:/META-INF/spring/*.xml))
onOsgiApplicationEvent6516 [SpringOsgiExtenderThread-15] INFO  org.springframework.osgi.extender.internal.activator.ContextLoaderListener  - Application context successfully refreshed (OsgiBundleXmlApplicationContext(bundle=eu.neclab.iotplatform.confman.utilitystorage, config=osgibundle:/META-INF/spring/*.xml))
onOsgiApplicationEvent6587 [Timer-0] INFO  org.apache.catalina.core.ContainerBase.[Catalina].[localhost].[/]  - Initializing Spring FrameworkServlet 'spring'
log6598 [SpringOsgiExtenderThread-18] INFO  eu.neclab.iotplatform.confman.postgis.PostGISdatabase  - SQL request: CREATE EXTENSION postgis;
enablePostGIS6596 [SpringOsgiExtenderThread-19] INFO  org.springframework.beans.factory.support.DefaultListableBeanFactory  - Pre-instantiating singletons in org.springframework.beans.factory.support.DefaultListableBeanFactory@3dab3ff9: defining beans [org.springframework.context.annotation.internalConfigurationAnnotationProcessor,org.springframework.context.annotation.internalAutowiredAnnotationProcessor,org.springframework.context.annotation.internalRequiredAnnotationProcessor,org.springframework.context.annotation.internalCommonAnnotationProcessor,org.springframework.context.annotation.internalPersistenceAnnotationProcessor,org.springframework.beans.factory.config.PropertyPlaceholderConfigurer#0,confmancore,deletionscheduler,notificationutils,Ngsi9Interface,Resettable,Ngsi9Storage,Ngsi9ExtensionManager,UtilityStorage]; root of factory hierarchy
preInstantiateSingletons6594 [SpringOsgiExtenderThread-20] INFO  org.springframework.beans.factory.support.DefaultListableBeanFactory  - Pre-instantiating singletons in org.springframework.beans.factory.support.DefaultListableBeanFactory@5cbe0cd7: defining beans [org.springframework.context.annotation.internalConfigurationAnnotationProcessor,org.springframework.context.annotation.internalAutowiredAnnotationProcessor,org.springframework.context.annotation.internalRequiredAnnotationProcessor,org.springframework.context.annotation.internalCommonAnnotationProcessor,org.springframework.context.annotation.internalPersistenceAnnotationProcessor,ngsihierarchyextension,Ngsi9ExtensionManager,NgsiHierarchyStorage]; root of factory hierarchy
preInstantiateSingletons6605 [SpringOsgiExtenderThread-20] INFO  eu.neclab.iotplatform.confman.ngsihierarchyextension.NgsiHierarchyExtension  - NgsiHierarchy Service Started
<init>6600 [SpringOsgiExtenderThread-18] INFO  eu.neclab.iotplatform.confman.postgis.PostGISdatabase  - PostGIS already enabled in confman database
enablePostGIS6612 [SpringOsgiExtenderThread-20] INFO  eu.neclab.iotplatform.confman.extensionmanager.Ngsi9ExtensionManager  - Registering extension for metadata name: NgsiHierarchy, made by: NgsiHierarchyExtension
registerExtension6613 [SpringOsgiExtenderThread-20] INFO  org.springframework.osgi.context.support.OsgiBundleXmlApplicationContext  - Publishing application context as OSGi service with properties {org.springframework.context.service.name=eu.neclab.iotplatform.confman.ngsihierarchyextension, Bundle-SymbolicName=eu.neclab.iotplatform.confman.ngsihierarchyextension, Bundle-Version=1.0.5}
publishContextAsOsgiServiceIfNecessary6614 [SpringOsgiExtenderThread-20] INFO  org.springframework.osgi.extender.internal.activator.ContextLoaderListener  - Application context successfully refreshed (OsgiBundleXmlApplicationContext(bundle=eu.neclab.iotplatform.confman.ngsihierarchyextension, config=osgibundle:/META-INF/spring/*.xml))
onOsgiApplicationEvent6625 [Timer-0] INFO  org.springframework.web.servlet.DispatcherServlet  - FrameworkServlet 'spring': initialization started
initServletBean6629 [Timer-0] INFO  org.springframework.osgi.web.context.support.OsgiBundleXmlWebApplicationContext  - Refreshing WebApplicationContext for namespace 'spring-servlet': startup date [Fri Feb 27 17:56:46 CET 2015]; parent: OsgiBundleXmlWebApplicationContext(bundle=eu.neclab.iotplatform.confman.restcontroller, config=/WEB-INF/applicationContext.xml)
prepareRefresh6640 [Timer-0] INFO  org.springframework.osgi.web.context.support.OsgiBundleXmlWebApplicationContext  - Application Context service already unpublished
unpublishContextAsOsgiService6645 [Timer-0] INFO  org.springframework.beans.factory.xml.XmlBeanDefinitionReader  - Loading XML bean definitions from URL [bundleentry://82.fwk104182465/WEB-INF/spring-servlet.xml]
loadBeanDefinitions6650 [SpringOsgiExtenderThread-18] INFO  eu.neclab.iotplatform.confman.postgis.PostGISdatabase  - SQL request: SELECT table_name FROM information_schema.tables;
checkTables6680 [SpringOsgiExtenderThread-18] INFO  eu.neclab.iotplatform.confman.postgis.PostGISIndexer  - SpatialDatabase created: confman_registercontext
createDatabase6680 [SpringOsgiExtenderThread-18] INFO  eu.neclab.iotplatform.confman.geoindexer.GeoIndexer  - Register Spatial DB! confman_subscribecontextavailability
registerObjectType6694 [SpringOsgiExtenderThread-18] INFO  eu.neclab.iotplatform.confman.postgis.PostGISdatabase  - SQL request: CREATE EXTENSION postgis;
enablePostGIS6695 [SpringOsgiExtenderThread-18] INFO  eu.neclab.iotplatform.confman.postgis.PostGISdatabase  - PostGIS already enabled in confman database
enablePostGIS6699 [SpringOsgiExtenderThread-18] INFO  eu.neclab.iotplatform.confman.postgis.PostGISdatabase  - SQL request: SELECT table_name FROM information_schema.tables;
checkTables6695 [SpringOsgiExtenderThread-19] INFO  org.springframework.osgi.service.exporter.support.OsgiServiceFactoryBean  - Publishing service under classes [{eu.neclab.iotplatform.ngsi.api.ngsi9.Ngsi9Interface}]
registerService6706 [SpringOsgiExtenderThread-19] INFO  org.springframework.osgi.service.exporter.support.OsgiServiceFactoryBean  - Publishing service under classes [{eu.neclab.iotplatform.confman.commons.interfaces.Resettable}]
registerService6707 [SpringOsgiExtenderThread-19] INFO  org.springframework.osgi.context.support.OsgiBundleXmlApplicationContext  - Publishing application context as OSGi service with properties {org.springframework.context.service.name=eu.neclab.iotplatform.confman.coreextensible, Bundle-SymbolicName=eu.neclab.iotplatform.confman.coreextensible, Bundle-Version=1.0.5}
publishContextAsOsgiServiceIfNecessary6712 [SpringOsgiExtenderThread-19] INFO  org.springframework.osgi.extender.internal.activator.ContextLoaderListener  - Application context successfully refreshed (OsgiBundleXmlApplicationContext(bundle=eu.neclab.iotplatform.confman.coreextensible, config=osgibundle:/META-INF/spring/*.xml))
onOsgiApplicationEvent6712 [SpringOsgiExtenderThread-18] INFO  eu.neclab.iotplatform.confman.postgis.PostGISIndexer  - SpatialDatabase created: confman_subscribecontextavailability
createDatabase6720 [SpringOsgiExtenderThread-18] INFO  eu.neclab.iotplatform.confman.extensionmanager.Ngsi9ExtensionManager  - Registering extension for metadata name: SimpleGeoLocation, made by: Ngsi9GeoExtension
registerExtension6757 [SpringOsgiExtenderThread-18] INFO  org.springframework.osgi.context.support.OsgiBundleXmlApplicationContext  - Publishing application context as OSGi service with properties {org.springframework.context.service.name=eu.neclab.iotplatform.confman.ngsi9geoextension, Bundle-SymbolicName=eu.neclab.iotplatform.confman.ngsi9geoextension, Bundle-Version=1.0.5}
publishContextAsOsgiServiceIfNecessary6758 [SpringOsgiExtenderThread-18] INFO  org.springframework.osgi.extender.internal.activator.ContextLoaderListener  - Application context successfully refreshed (OsgiBundleXmlApplicationContext(bundle=eu.neclab.iotplatform.confman.ngsi9geoextension, config=osgibundle:/META-INF/spring/*.xml))
onOsgiApplicationEvent7561 [Timer-0] INFO  org.springframework.beans.factory.config.PropertyPlaceholderConfigurer  - Loading properties file from OSGi resource[file:////home/nec/DemoConfiguration/ConfMan_Runner/configurations//config/config.xml|bnd.id=82|bnd.sym=eu.neclab.iotplatform.confman.restcontroller]
loadProperties7646 [Timer-0] INFO  org.springframework.beans.factory.support.DefaultListableBeanFactory  - Pre-instantiating singletons in org.springframework.beans.factory.support.DefaultListableBeanFactory@66f204f0: defining beans [org.springframework.context.annotation.internalConfigurationAnnotationProcessor,org.springframework.context.annotation.internalAutowiredAnnotationProcessor,org.springframework.context.annotation.internalRequiredAnnotationProcessor,org.springframework.context.annotation.internalCommonAnnotationProcessor,org.springframework.context.annotation.internalPersistenceAnnotationProcessor,mvcContentNegotiationManager,org.springframework.web.servlet.mvc.method.annotation.RequestMappingHandlerMapping#0,org.springframework.format.support.FormattingConversionServiceFactoryBean#0,org.springframework.web.servlet.mvc.method.annotation.RequestMappingHandlerAdapter#0,org.springframework.web.servlet.handler.MappedInterceptor#0,org.springframework.web.servlet.mvc.method.annotation.ExceptionHandlerExceptionResolver#0,org.springframework.web.servlet.mvc.annotation.ResponseStatusExceptionResolver#0,org.springframework.web.servlet.mvc.support.DefaultHandlerExceptionResolver#0,org.springframework.web.servlet.handler.BeanNameUrlHandlerMapping,org.springframework.web.servlet.mvc.HttpRequestHandlerAdapter,org.springframework.web.servlet.mvc.SimpleControllerHandlerAdapter,org.springframework.beans.factory.config.PropertyPlaceholderConfigurer#0,Ngsi9Interface,RestController]; parent: org.springframework.beans.factory.support.DefaultListableBeanFactory@51be8406
preInstantiateSingletons7813 [Timer-0] INFO  org.springframework.web.servlet.mvc.method.annotation.RequestMappingHandlerMapping  - Mapped "{[/ngsi9/unsubscribeContextAvailability],methods=[POST],params=[],headers=[],consumes=[],produces=[*/*],custom=[]}" onto public org.springframework.http.ResponseEntity<eu.neclab.iotplatform.ngsi.api.datamodel.UnsubscribeContextAvailabilityResponse> eu.neclab.iotplatform.confman.restcontroller.ConfManRestController.unsubscribeContextAvailability(javax.servlet.http.HttpServletRequest,eu.neclab.iotplatform.ngsi.api.datamodel.UnsubscribeContextAvailabilityRequest)
registerHandlerMethod7814 [Timer-0] INFO  org.springframework.web.servlet.mvc.method.annotation.RequestMappingHandlerMapping  - Mapped "{[/notifyContextAvailability],methods=[POST],params=[],headers=[],consumes=[],produces=[*/*],custom=[]}" onto public java.lang.String eu.neclab.iotplatform.confman.restcontroller.ConfManRestController.notifyContextAvailability()
registerHandlerMethod7814 [Timer-0] INFO  org.springframework.web.servlet.mvc.method.annotation.RequestMappingHandlerMapping  - Mapped "{[/ngsi9/discoverContextAvailability],methods=[POST],params=[],headers=[],consumes=[],produces=[*/*],custom=[]}" onto public org.springframework.http.ResponseEntity<eu.neclab.iotplatform.ngsi.api.datamodel.DiscoverContextAvailabilityResponse> eu.neclab.iotplatform.confman.restcontroller.ConfManRestController.discoverContextAvailability(javax.servlet.http.HttpServletRequest,eu.neclab.iotplatform.ngsi.api.datamodel.DiscoverContextAvailabilityRequest)
registerHandlerMethod7820 [Timer-0] INFO  org.springframework.web.servlet.mvc.method.annotation.RequestMappingHandlerMapping  - Mapped "{[/ngsi9/subscribeContextAvailability],methods=[POST],params=[],headers=[],consumes=[],produces=[*/*],custom=[]}" onto public org.springframework.http.ResponseEntity<eu.neclab.iotplatform.ngsi.api.datamodel.SubscribeContextAvailabilityResponse> eu.neclab.iotplatform.confman.restcontroller.ConfManRestController.subscribeContextAvailability(javax.servlet.http.HttpServletRequest,eu.neclab.iotplatform.ngsi.api.datamodel.SubscribeContextAvailabilityRequest)
registerHandlerMethod7820 [Timer-0] INFO  org.springframework.web.servlet.mvc.method.annotation.RequestMappingHandlerMapping  - Mapped "{[/ngsi9/updateContextAvailabilitySubscription],methods=[POST],params=[],headers=[],consumes=[],produces=[*/*],custom=[]}" onto public org.springframework.http.ResponseEntity<eu.neclab.iotplatform.ngsi.api.datamodel.UpdateContextAvailabilitySubscriptionResponse> eu.neclab.iotplatform.confman.restcontroller.ConfManRestController.updateContextAvailabilitySubscription(javax.servlet.http.HttpServletRequest,eu.neclab.iotplatform.ngsi.api.datamodel.UpdateContextAvailabilitySubscriptionRequest)
registerHandlerMethod7820 [Timer-0] INFO  org.springframework.web.servlet.mvc.method.annotation.RequestMappingHandlerMapping  - Mapped "{[/test],methods=[GET],params=[],headers=[],consumes=[],produces=[application/xml],custom=[]}" onto public java.lang.String eu.neclab.iotplatform.confman.restcontroller.ConfManRestController.welcome(java.lang.String)
registerHandlerMethod7821 [Timer-0] INFO  org.springframework.web.servlet.mvc.method.annotation.RequestMappingHandlerMapping  - Mapped "{[/ngsi9/registerContext],methods=[POST],params=[],headers=[],consumes=[],produces=[*/*],custom=[]}" onto public org.springframework.http.ResponseEntity<eu.neclab.iotplatform.ngsi.api.datamodel.RegisterContextResponse> eu.neclab.iotplatform.confman.restcontroller.ConfManRestController.registerContext(javax.servlet.http.HttpServletRequest,eu.neclab.iotplatform.ngsi.api.datamodel.RegisterContextRequest)
registerHandlerMethod8442 [Timer-0] INFO  org.springframework.osgi.web.context.support.OsgiBundleXmlWebApplicationContext  - Publishing application context as OSGi service with properties {org.springframework.context.service.name=eu.neclab.iotplatform.confman.restcontroller, Bundle-SymbolicName=eu.neclab.iotplatform.confman.restcontroller, Bundle-Version=1.0.5, org.springframework.web.context.namespace=spring-servlet}
publishContextAsOsgiServiceIfNecessary8443 [Timer-0] INFO  org.springframework.web.servlet.DispatcherServlet  - FrameworkServlet 'spring': initialization completed in 1817 ms
initServletBean8445 [Timer-0] INFO  org.springframework.osgi.web.deployer.tomcat.TomcatWarDeployer  - Successfully deployed bundle [eu.neclab.iotplatform.confman.restcontroller (eu.neclab.iotplatform.confman.restcontroller)] at [/] on server org.apache.catalina.core.StandardService/1.0
deploy8503 [Timer-0] ERROR org.springframework.osgi.web.extender.internal.activator.WarLoaderListener  - War deployment of bundle eu.neclab.iotplatform.confman.restcontroller (eu.neclab.iotplatform.confman.restcontroller) failed
doRunorg.springframework.osgi.web.deployer.OsgiWarDeploymentException: Cannot create war deployment for bundle [eu.neclab.iotplatform.confman.restcontroller (eu.neclab.iotplatform.confman.restcontroller)] at [/] on server org.apache.catalina.core.StandardService/1.0
	at org.springframework.osgi.web.deployer.support.AbstractWarDeployer.deploy(AbstractWarDeployer.java:97)
	at org.springframework.osgi.web.extender.internal.activator.WarLoaderListener$DeploymentManager$DeployTask.doRun(WarLoaderListener.java:257)
	at org.springframework.osgi.web.extender.internal.activator.WarLoaderListener$DeploymentManager$BaseTask.run(WarLoaderListener.java:222)
	at org.springframework.scheduling.timer.DelegatingTimerTask.run(DelegatingTimerTask.java:70)
	at java.util.TimerThread.mainLoop(Timer.java:555)
	at java.util.TimerThread.run(Timer.java:505)
Caused by: java.lang.IllegalArgumentException: addChild:  Child name '/' is not unique
	at org.apache.catalina.core.ContainerBase.addChildInternal(ContainerBase.java:781)
	at org.apache.catalina.core.ContainerBase.addChild(ContainerBase.java:771)
	at org.apache.catalina.core.StandardHost.addChild(StandardHost.java:525)
	at org.springframework.osgi.web.deployer.tomcat.TomcatWarDeployer.startCatalinaContext(TomcatWarDeployer.java:144)
	at org.springframework.osgi.web.deployer.tomcat.TomcatWarDeployer.startDeployment(TomcatWarDeployer.java:133)
	at org.springframework.osgi.web.deployer.support.AbstractWarDeployer.deploy(AbstractWarDeployer.java:93)
	... 5 more
